<?xml version="1.0" encoding="UTF-8"?>
<testng-results ignored="0" total="1" passed="1" failed="0" skipped="0">
  <reporter-output>
  </reporter-output>
  <suite started-at="2022-01-30T03:09:42 WIB" name="Default suite" finished-at="2022-01-30T03:15:18 WIB" duration-ms="336444">
    <groups>
    </groups>
    <test started-at="2022-01-30T03:09:42 WIB" name="Default test" finished-at="2022-01-30T03:15:18 WIB" duration-ms="336444">
      <class name="testAplikasiSPV.run.Gabungan">
        <test-method is-config="true" signature="reportSetup()[pri:0, instance:testAplikasiSPV.run.Gabungan@2145b572]" started-at="2022-01-30T03:09:41 WIB" name="reportSetup" finished-at="2022-01-30T03:09:42 WIB" duration-ms="463" status="PASS">
          <reporter-output>
          </reporter-output>
        </test-method> <!-- reportSetup -->
        <test-method is-config="true" signature="initializeObjects()[pri:0, instance:testAplikasiSPV.run.Gabungan@2145b572]" started-at="2022-01-30T03:09:42 WIB" name="initializeObjects" finished-at="2022-01-30T03:09:53 WIB" duration-ms="11324" status="PASS">
          <reporter-output>
          </reporter-output>
        </test-method> <!-- initializeObjects -->
        <test-method signature="modulGabungan()[pri:0, instance:testAplikasiSPV.run.Gabungan@2145b572]" started-at="2022-01-30T03:09:53 WIB" name="modulGabungan" finished-at="2022-01-30T03:15:18 WIB" duration-ms="325073" status="PASS">
          <reporter-output>
          </reporter-output>
        </test-method> <!-- modulGabungan -->
        <test-method is-config="true" signature="reportTeardown()[pri:0, instance:testAplikasiSPV.run.Gabungan@2145b572]" started-at="2022-01-30T03:15:18 WIB" name="reportTeardown" finished-at="2022-01-30T03:15:19 WIB" duration-ms="705" status="PASS">
          <reporter-output>
          </reporter-output>
        </test-method> <!-- reportTeardown -->
      </class> <!-- testAplikasiSPV.run.Gabungan -->
    </test> <!-- Default test -->
  </suite> <!-- Default suite -->
</testng-results>
